# JRE version: Java(TM) SE Runtime Environment 18.9 (11.0.11+9) (build 11.0.11+9-LTS-194)
# Java VM: Java HotSpot(TM) 64-Bit Server VM 18.9 (11.0.11+9-LTS-194, mixed mode, tiered, compressed oops, g1 gc, linux-amd64)
Heap:
 garbage-first heap   total 292864K, used 186984K [0x0000000746a00000, 0x0000000800000000)
  region size 1024K, 152 young (155648K), 3 survivors (3072K)
 Metaspace       used 56045K, capacity 57824K, committed 58160K, reserved 1099776K
  class space    used 7257K, capacity 7978K, committed 8064K, reserved 1048576K
GC Heap History (10 events):
Event: 3,535 GC heap after
{Heap after GC invocations=7 (full 0):
 garbage-first heap   total 231424K, used 12030K [0x0000000746a00000, 0x0000000800000000)
  region size 1024K, 5 young (5120K), 5 survivors (5120K)
 Metaspace       used 25810K, capacity 26803K, committed 27056K, reserved 1073152K
  class space    used 3093K, capacity 3478K, committed 3584K, reserved 1048576K
}
Event: 4,484 GC heap before
{Heap before GC invocations=7 (full 0):
 garbage-first heap   total 231424K, used 88830K [0x0000000746a00000, 0x0000000800000000)
  region size 1024K, 81 young (82944K), 5 survivors (5120K)
 Metaspace       used 32830K, capacity 34115K, committed 34224K, reserved 1079296K
  class space    used 4070K, capacity 4563K, committed 4608K, reserved 1048576K
}
Event: 4,498 GC heap after
{Heap after GC invocations=8 (full 0):
 garbage-first heap   total 231424K, used 15202K [0x0000000746a00000, 0x0000000800000000)
  region size 1024K, 8 young (8192K), 8 survivors (8192K)
 Metaspace       used 32830K, capacity 34115K, committed 34224K, reserved 1079296K
  class space    used 4070K, capacity 4563K, committed 4608K, reserved 1048576K
}
Event: 4,808 GC heap before
{Heap before GC invocations=8 (full 0):
 garbage-first heap   total 231424K, used 53090K [0x0000000746a00000, 0x0000000800000000)
  region size 1024K, 47 young (48128K), 8 survivors (8192K)
 Metaspace       used 34496K, capacity 35844K, committed 35920K, reserved 1081344K
  class space    used 4311K, capacity 4864K, committed 4864K, reserved 1048576K
}
Event: 4,823 GC heap after
{Heap after GC invocations=9 (full 0):
 garbage-first heap   total 231424K, used 15942K [0x0000000746a00000, 0x0000000800000000)
  region size 1024K, 9 young (9216K), 9 survivors (9216K)
 Metaspace       used 34496K, capacity 35844K, committed 35920K, reserved 1081344K
  class space    used 4311K, capacity 4864K, committed 4864K, reserved 1048576K
}
Event: 7,300 GC heap before
{Heap before GC invocations=10 (full 0):
 garbage-first heap   total 231424K, used 144966K [0x0000000746a00000, 0x0000000800000000)
  region size 1024K, 135 young (138240K), 9 survivors (9216K)
 Metaspace       used 55832K, capacity 57651K, committed 57904K, reserved 1099776K
  class space    used 7234K, capacity 7968K, committed 8064K, reserved 1048576K
}
Event: 7,327 GC heap after
{Heap after GC invocations=11 (full 0):
 garbage-first heap   total 292864K, used 22511K [0x0000000746a00000, 0x0000000800000000)
  region size 1024K, 15 young (15360K), 15 survivors (15360K)
 Metaspace       used 55832K, capacity 57651K, committed 57904K, reserved 1099776K
  class space    used 7234K, capacity 7968K, committed 8064K, reserved 1048576K
}
Event: 40887,196 GC heap before
{Heap before GC invocations=11 (full 0):
 garbage-first heap   total 292864K, used 182255K [0x0000000746a00000, 0x0000000800000000)
  region size 1024K, 171 young (175104K), 15 survivors (15360K)
 Metaspace       used 55978K, capacity 57824K, committed 58160K, reserved 1099776K
  class space    used 7257K, capacity 7978K, committed 8064K, reserved 1048576K
}
Event: 40887,242 GC heap after
{Heap after GC invocations=12 (full 0):
 garbage-first heap   total 292864K, used 34408K [0x0000000746a00000, 0x0000000800000000)
  region size 1024K, 22 young (22528K), 22 survivors (22528K)
 Metaspace       used 55978K, capacity 57824K, committed 58160K, reserved 1099776K
  class space    used 7257K, capacity 7978K, committed 8064K, reserved 1048576K
}
Event: 92438,239 GC heap before
{Heap before GC invocations=12 (full 0):
 garbage-first heap   total 292864K, used 186984K [0x0000000746a00000, 0x0000000800000000)
  region size 1024K, 171 young (175104K), 22 survivors (22528K)
 Metaspace       used 56045K, capacity 57824K, committed 58160K, reserved 1099776K
  class space    used 7257K, capacity 7978K, committed 8064K, reserved 1048576K
}

